Release 14.2 Map P.28xd (nt64)
Xilinx Mapping Report File for Design 'top'

Design Information
------------------
Command Line   : map -filter
D:/work/serio-pj/hw/prototype/ise/serio_proto/iseconfig/filter.filter -intstyle
ise -p xc3s500e-vq100-4 -cm area -ir off -pr off -c 100 -o top_map.ncd top.ngd
top.pcf 
Target Device  : xc3s500e
Target Package : vq100
Target Speed   : -4
Mapper Version : spartan3e -- $Revision: 1.55 $
Mapped Date    : SAT 1 SEP 12:33:34 2012

Design Summary
--------------
Number of errors:      0
Number of warnings:    3
Logic Utilization:
  Total Number Slice Registers:         602 out of   9,312    6%
    Number used as Flip Flops:          600
    Number used as Latches:               2
  Number of 4 input LUTs:               686 out of   9,312    7%
Logic Distribution:
  Number of occupied Slices:            590 out of   4,656   12%
    Number of Slices containing only related logic:     590 out of     590 100%
    Number of Slices containing unrelated logic:          0 out of     590   0%
      *See NOTES below for an explanation of the effects of unrelated logic.
  Total Number of 4 input LUTs:         748 out of   9,312    8%
    Number used as logic:               686
    Number used as a route-thru:         62

  The Slice Logic Distribution report is not meaningful if the design is
  over-mapped for a non-slice resource or if Placement fails.

  Number of bonded IOBs:                 40 out of      66   60%
  Number of RAMB16s:                     16 out of      20   80%
  Number of BUFGMUXs:                     3 out of      24   12%
  Number of DCMs:                         1 out of       4   25%

Average Fanout of Non-Clock Nets:                3.85

Peak Memory Usage:  262 MB
Total REAL time to MAP completion:  2 secs 
Total CPU time to MAP completion:   2 secs 

NOTES:

   Related logic is defined as being logic that shares connectivity - e.g. two
   LUTs are "related" if they share common inputs.  When assembling slices,
   Map gives priority to combine logic that is related.  Doing so results in
   the best timing performance.

   Unrelated logic shares no connectivity.  Map will only begin packing
   unrelated logic into a slice once 99% of the slices are occupied through
   related logic packing.

   Note that once logic distribution reaches the 99% level through related
   logic packing, this does not mean the device is completely utilized.
   Unrelated logic packing will then begin, continuing until all usable LUTs
   and FFs are occupied.  Depending on your timing budget, increased levels of
   unrelated logic packing may adversely affect the overall timing performance
   of your design.

Table of Contents
-----------------
Section 1 - Errors
Section 2 - Warnings
Section 3 - Informational
Section 4 - Removed Logic Summary
Section 5 - Removed Logic
Section 6 - IOB Properties
Section 7 - RPMs
Section 8 - Guide Report
Section 9 - Area Group and Partition Summary
Section 10 - Timing Report
Section 11 - Configuration String Information
Section 12 - Control Set Information
Section 13 - Utilization by Hierarchy

Section 1 - Errors
------------------

Section 2 - Warnings
--------------------
WARNING:LIT:176 - Clock buffer is designated to drive clock loads. BUFGMUX
   symbol "physical_group_w_mclk/clock_reset/dcm_pll/CLKFX_BUFG_INST" (output
   signal=w_mclk) has a mix of clock and non-clock loads. The non-clock loads
   are:
   Pin I1 of uart_transaction/uart_io/i_TxClk/cgate01a/gclk1
   Pin I1 of uart_transaction/uart_io/i_RxClk/cgate01a/gclk1
WARNING:PhysDesignRules:372 - Gated clock. Clock net
   uart_transaction/uart_io/w_TxClk is sourced by a combinatorial pin. This is
   not good design practice. Use the CE pin to control the loading of data into
   the flip-flop.
WARNING:PhysDesignRules:372 - Gated clock. Clock net
   uart_transaction/uart_io/w_RxClk is sourced by a combinatorial pin. This is
   not good design practice. Use the CE pin to control the loading of data into
   the flip-flop.

Section 3 - Informational
-------------------------
INFO:MapLib:562 - No environment variables are currently set.
INFO:LIT:244 - All of the single ended outputs in this design are using slew
   rate limited output drivers. The delay on speed critical single ended outputs
   can be dramatically reduced by designating them as fast outputs.
INFO:PhysDesignRules:772 - To achieve optimal frequency synthesis performance
   with the CLKFX and CLKFX180 outputs of the DCM comp
   clock_reset/dcm_pll/DCM_SP_INST, consult the device Interactive Data Sheet.

Section 4 - Removed Logic Summary
---------------------------------
   4 block(s) optimized away

Section 5 - Removed Logic
-------------------------

Optimized Block(s):
TYPE 		BLOCK
GND 		XST_GND
VCC 		XST_VCC
GND 		line_buffer/i_fifo/XST_GND
VCC 		line_buffer/i_fifo/XST_VCC

To enable printing of redundant blocks removed and signals merged, set the
detailed map report option and rerun map.

Section 6 - IOB Properties
--------------------------

+---------------------------------------------------------------------------------------------------------------------------------------------------------+
| IOB Name                           | Type             | Direction | IO Standard          | Diff  | Drive    | Slew | Reg (s)      | Resistor | IOB      |
|                                    |                  |           |                      | Term  | Strength | Rate |              |          | Delay    |
+---------------------------------------------------------------------------------------------------------------------------------------------------------+
| xinRESET                           | IBUF             | INPUT     | LVCMOS25             |       |          |      |              |          | 0 / 0    |
| xipCAM_D<0>                        | IBUF             | INPUT     | LVCMOS25             |       |          |      |              |          | 0 / 0    |
| xipCAM_D<1>                        | IBUF             | INPUT     | LVCMOS25             |       |          |      |              |          | 0 / 0    |
| xipCAM_D<2>                        | IBUF             | INPUT     | LVCMOS25             |       |          |      |              |          | 0 / 0    |
| xipCAM_D<3>                        | IBUF             | INPUT     | LVCMOS25             |       |          |      |              |          | 0 / 0    |
| xipCAM_D<4>                        | IBUF             | INPUT     | LVCMOS25             |       |          |      |              |          | 0 / 0    |
| xipCAM_D<5>                        | IBUF             | INPUT     | LVCMOS25             |       |          |      |              |          | 0 / 0    |
| xipCAM_D<6>                        | IBUF             | INPUT     | LVCMOS25             |       |          |      |              |          | 0 / 0    |
| xipCAM_D<7>                        | IBUF             | INPUT     | LVCMOS25             |       |          |      |              |          | 0 / 0    |
| xipCAM_HREF                        | IBUF             | INPUT     | LVCMOS25             |       |          |      |              |          | 0 / 0    |
| xipCAM_PCLK                        | IBUF             | INPUT     | LVCMOS25             |       |          |      |              |          | 0 / 0    |
| xipCAM_VSYNC                       | IBUF             | INPUT     | LVCMOS25             |       |          |      |              |          | 0 / 0    |
| xipMCLK                            | IBUF             | INPUT     | LVCMOS25             |       |          |      |              |          | 0 / 0    |
| xipRXD                             | IBUF             | INPUT     | LVCMOS25             |       |          |      |              |          | 0 / 0    |
| xipSW1                             | IBUF             | INPUT     | LVCMOS25             |       |          |      |              |          | 0 / 0    |
| xipSW2                             | IBUF             | INPUT     | LVCMOS25             |       |          |      |              |          | 0 / 0    |
| xipSW3                             | IBUF             | INPUT     | LVCMOS25             |       |          |      |              |          | 0 / 0    |
| xipSW4                             | IBUF             | INPUT     | LVCMOS25             |       |          |      |              |          | 0 / 0    |
| xon7Seg1_A                         | IOB              | OUTPUT    | LVCMOS25             |       | 12       | SLOW |              |          | 0 / 0    |
| xon7Seg1_B                         | IOB              | OUTPUT    | LVCMOS25             |       | 12       | SLOW |              |          | 0 / 0    |
| xon7Seg1_C                         | IOB              | OUTPUT    | LVCMOS25             |       | 12       | SLOW |              |          | 0 / 0    |
| xon7Seg1_D                         | IOB              | OUTPUT    | LVCMOS25             |       | 12       | SLOW |              |          | 0 / 0    |
| xon7Seg1_DP                        | IOB              | OUTPUT    | LVCMOS25             |       | 12       | SLOW |              |          | 0 / 0    |
| xon7Seg1_E                         | IOB              | OUTPUT    | LVCMOS25             |       | 12       | SLOW |              |          | 0 / 0    |
| xon7Seg1_F                         | IOB              | OUTPUT    | LVCMOS25             |       | 12       | SLOW |              |          | 0 / 0    |
| xon7Seg1_G                         | IOB              | OUTPUT    | LVCMOS25             |       | 12       | SLOW |              |          | 0 / 0    |
| xon7Seg2_A                         | IOB              | OUTPUT    | LVCMOS25             |       | 12       | SLOW |              |          | 0 / 0    |
| xon7Seg2_B                         | IOB              | OUTPUT    | LVCMOS25             |       | 12       | SLOW |              |          | 0 / 0    |
| xon7Seg2_C                         | IOB              | OUTPUT    | LVCMOS25             |       | 12       | SLOW |              |          | 0 / 0    |
| xon7Seg2_D                         | IOB              | OUTPUT    | LVCMOS25             |       | 12       | SLOW |              |          | 0 / 0    |
| xon7Seg2_DP                        | IOB              | OUTPUT    | LVCMOS25             |       | 12       | SLOW |              |          | 0 / 0    |
| xon7Seg2_E                         | IOB              | OUTPUT    | LVCMOS25             |       | 12       | SLOW |              |          | 0 / 0    |
| xon7Seg2_F                         | IOB              | OUTPUT    | LVCMOS25             |       | 12       | SLOW |              |          | 0 / 0    |
| xon7Seg2_G                         | IOB              | OUTPUT    | LVCMOS25             |       | 12       | SLOW |              |          | 0 / 0    |
| xonCAM_RESET                       | IOB              | OUTPUT    | LVCMOS25             |       | 12       | SLOW |              |          | 0 / 0    |
| xonLED1                            | IOB              | OUTPUT    | LVCMOS25             |       | 12       | SLOW |              |          | 0 / 0    |
| xonLED2                            | IOB              | OUTPUT    | LVCMOS25             |       | 12       | SLOW |              |          | 0 / 0    |
| xopCAM_PWDN                        | IOB              | OUTPUT    | LVCMOS25             |       | 12       | SLOW |              |          | 0 / 0    |
| xopCAM_XCLK                        | IOB              | OUTPUT    | LVCMOS25             |       | 12       | SLOW |              |          | 0 / 0    |
| xopTXD                             | IOB              | OUTPUT    | LVCMOS25             |       | 12       | SLOW |              |          | 0 / 0    |
+---------------------------------------------------------------------------------------------------------------------------------------------------------+

Section 7 - RPMs
----------------

Section 8 - Guide Report
------------------------
Guide not run on this design.

Section 9 - Area Group and Partition Summary
--------------------------------------------

Partition Implementation Status
-------------------------------

  No Partitions were found in this design.

-------------------------------

Area Group Information
----------------------

  No area groups were found in this design.

----------------------

Section 10 - Timing Report
--------------------------
This design was not run using timing mode.

Section 11 - Configuration String Details
-----------------------------------------
Use the "-detail" map option to print out Configuration Strings

Section 12 - Control Set Information
------------------------------------
No control set information for this architecture.

Section 13 - Utilization by Hierarchy
-------------------------------------
Use the "-detail" map option to print out the Utilization by Hierarchy section.
