Release 14.4 Map P.49d (nt64)
Xilinx Mapping Report File for Design 'top'

Design Information
------------------
Command Line   : map -filter
D:/work/serio-pj/hw/camera/ise/camera/iseconfig/filter.filter -intstyle ise -p
xc3s200-ft256-4 -cm area -ir off -pr off -c 100 -o top_map.ncd top.ngd top.pcf 
Target Device  : xc3s200
Target Package : ft256
Target Speed   : -4
Mapper Version : spartan3 -- $Revision: 1.55 $
Mapped Date    : SUN 5 MAY 22:15:24 2013

Design Summary
--------------
Number of errors:      0
Number of warnings:    2
Logic Utilization:
  Total Number Slice Registers:         461 out of   3,840   12%
    Number used as Flip Flops:          458
    Number used as Latches:               3
  Number of 4 input LUTs:               609 out of   3,840   15%
Logic Distribution:
  Number of occupied Slices:            450 out of   1,920   23%
    Number of Slices containing only related logic:     450 out of     450 100%
    Number of Slices containing unrelated logic:          0 out of     450   0%
      *See NOTES below for an explanation of the effects of unrelated logic.
  Total Number of 4 input LUTs:         713 out of   3,840   18%
    Number used as logic:               609
    Number used as a route-thru:        104

  The Slice Logic Distribution report is not meaningful if the design is
  over-mapped for a non-slice resource or if Placement fails.

  Number of bonded IOBs:                 98 out of     173   56%
    IOB Flip Flops:                       1
  Number of BUFGMUXs:                     4 out of       8   50%

Average Fanout of Non-Clock Nets:                3.33

Peak Memory Usage:  235 MB
Total REAL time to MAP completion:  2 secs 
Total CPU time to MAP completion:   1 secs 

NOTES:

   Related logic is defined as being logic that shares connectivity - e.g. two
   LUTs are "related" if they share common inputs.  When assembling slices,
   Map gives priority to combine logic that is related.  Doing so results in
   the best timing performance.

   Unrelated logic shares no connectivity.  Map will only begin packing
   unrelated logic into a slice once 99% of the slices are occupied through
   related logic packing.

   Note that once logic distribution reaches the 99% level through related
   logic packing, this does not mean the device is completely utilized.
   Unrelated logic packing will then begin, continuing until all usable LUTs
   and FFs are occupied.  Depending on your timing budget, increased levels of
   unrelated logic packing may adversely affect the overall timing performance
   of your design.

Table of Contents
-----------------
Section 1 - Errors
Section 2 - Warnings
Section 3 - Informational
Section 4 - Removed Logic Summary
Section 5 - Removed Logic
Section 6 - IOB Properties
Section 7 - RPMs
Section 8 - Guide Report
Section 9 - Area Group and Partition Summary
Section 10 - Timing Report
Section 11 - Configuration String Information
Section 12 - Control Set Information
Section 13 - Utilization by Hierarchy

Section 1 - Errors
------------------

Section 2 - Warnings
--------------------
WARNING:PhysDesignRules:372 - Gated clock. Clock net sccb_bridge/w_sccb_gwclk is
   sourced by a combinatorial pin. This is not good design practice. Use the CE
   pin to control the loading of data into the flip-flop.
WARNING:PhysDesignRules:372 - Gated clock. Clock net rsio_01a/w_TxClk is sourced
   by a combinatorial pin. This is not good design practice. Use the CE pin to
   control the loading of data into the flip-flop.

Section 3 - Informational
-------------------------
INFO:MapLib:562 - No environment variables are currently set.
INFO:LIT:244 - All of the single ended outputs in this design are using slew
   rate limited output drivers. The delay on speed critical single ended outputs
   can be dramatically reduced by designating them as fast outputs.

Section 4 - Removed Logic Summary
---------------------------------
   2 block(s) optimized away

Section 5 - Removed Logic
-------------------------

Optimized Block(s):
TYPE 		BLOCK
GND 		XST_GND
VCC 		XST_VCC

To enable printing of redundant blocks removed and signals merged, set the
detailed map report option and rerun map.

Section 6 - IOB Properties
--------------------------

+---------------------------------------------------------------------------------------------------------------------------------------------------------+
| IOB Name                           | Type             | Direction | IO Standard          | Diff  | Drive    | Slew | Reg (s)      | Resistor | IOB      |
|                                    |                  |           |                      | Term  | Strength | Rate |              |          | Delay    |
+---------------------------------------------------------------------------------------------------------------------------------------------------------+
| xbpCAM_SIO_D                       | IOB              | OUTPUT    | LVCMOS25             |       | 12       | SLOW |              | PULLUP   |          |
| xbpDATA1<0>                        | IOB              | BIDIR     | LVCMOS33             |       | 12       | SLOW |              |          |          |
| xbpDATA1<1>                        | IOB              | BIDIR     | LVCMOS33             |       | 12       | SLOW |              |          |          |
| xbpDATA1<2>                        | IOB              | BIDIR     | LVCMOS33             |       | 12       | SLOW |              |          |          |
| xbpDATA1<3>                        | IOB              | BIDIR     | LVCMOS33             |       | 12       | SLOW |              |          |          |
| xbpDATA1<4>                        | IOB              | BIDIR     | LVCMOS33             |       | 12       | SLOW |              |          |          |
| xbpDATA1<5>                        | IOB              | BIDIR     | LVCMOS33             |       | 12       | SLOW |              |          |          |
| xbpDATA1<6>                        | IOB              | BIDIR     | LVCMOS33             |       | 12       | SLOW |              |          |          |
| xbpDATA1<7>                        | IOB              | BIDIR     | LVCMOS33             |       | 12       | SLOW |              |          |          |
| xbpDATA1<8>                        | IOB              | BIDIR     | LVCMOS33             |       | 12       | SLOW |              |          |          |
| xbpDATA1<9>                        | IOB              | BIDIR     | LVCMOS33             |       | 12       | SLOW |              |          |          |
| xbpDATA1<10>                       | IOB              | BIDIR     | LVCMOS33             |       | 12       | SLOW |              |          |          |
| xbpDATA1<11>                       | IOB              | BIDIR     | LVCMOS33             |       | 12       | SLOW |              |          |          |
| xbpDATA1<12>                       | IOB              | BIDIR     | LVCMOS33             |       | 12       | SLOW |              |          |          |
| xbpDATA1<13>                       | IOB              | BIDIR     | LVCMOS33             |       | 12       | SLOW |              |          |          |
| xbpDATA1<14>                       | IOB              | BIDIR     | LVCMOS33             |       | 12       | SLOW |              |          |          |
| xbpDATA1<15>                       | IOB              | BIDIR     | LVCMOS33             |       | 12       | SLOW |              |          |          |
| xbpDATA2<0>                        | IOB              | BIDIR     | LVCMOS33             |       | 12       | SLOW |              |          |          |
| xbpDATA2<1>                        | IOB              | BIDIR     | LVCMOS33             |       | 12       | SLOW |              |          |          |
| xbpDATA2<2>                        | IOB              | BIDIR     | LVCMOS33             |       | 12       | SLOW |              |          |          |
| xbpDATA2<3>                        | IOB              | BIDIR     | LVCMOS33             |       | 12       | SLOW |              |          |          |
| xbpDATA2<4>                        | IOB              | BIDIR     | LVCMOS33             |       | 12       | SLOW |              |          |          |
| xbpDATA2<5>                        | IOB              | BIDIR     | LVCMOS33             |       | 12       | SLOW |              |          |          |
| xbpDATA2<6>                        | IOB              | BIDIR     | LVCMOS33             |       | 12       | SLOW |              |          |          |
| xbpDATA2<7>                        | IOB              | BIDIR     | LVCMOS33             |       | 12       | SLOW |              |          |          |
| xbpDATA2<8>                        | IOB              | BIDIR     | LVCMOS33             |       | 12       | SLOW |              |          |          |
| xbpDATA2<9>                        | IOB              | BIDIR     | LVCMOS33             |       | 12       | SLOW |              |          |          |
| xbpDATA2<10>                       | IOB              | BIDIR     | LVCMOS33             |       | 12       | SLOW |              |          |          |
| xbpDATA2<11>                       | IOB              | BIDIR     | LVCMOS33             |       | 12       | SLOW |              |          |          |
| xbpDATA2<12>                       | IOB              | BIDIR     | LVCMOS33             |       | 12       | SLOW |              |          |          |
| xbpDATA2<13>                       | IOB              | BIDIR     | LVCMOS33             |       | 12       | SLOW |              |          |          |
| xbpDATA2<14>                       | IOB              | BIDIR     | LVCMOS33             |       | 12       | SLOW |              |          |          |
| xbpDATA2<15>                       | IOB              | BIDIR     | LVCMOS33             |       | 12       | SLOW |              |          |          |
| xipBTN0                            | IOB              | INPUT     | LVCMOS25             |       |          |      |              |          |          |
| xipBTN1                            | IOB              | INPUT     | LVCMOS25             |       |          |      |              |          |          |
| xipBTN2                            | IOB              | INPUT     | LVCMOS25             |       |          |      |              |          |          |
| xipCAM_D<0>                        | IOB              | INPUT     | LVCMOS25             |       |          |      |              |          |          |
| xipCAM_D<1>                        | IOB              | INPUT     | LVCMOS25             |       |          |      |              |          |          |
| xipCAM_D<2>                        | IOB              | INPUT     | LVCMOS25             |       |          |      |              |          |          |
| xipCAM_D<3>                        | IOB              | INPUT     | LVCMOS25             |       |          |      |              |          |          |
| xipCAM_D<4>                        | IOB              | INPUT     | LVCMOS25             |       |          |      |              |          |          |
| xipCAM_D<5>                        | IOB              | INPUT     | LVCMOS25             |       |          |      |              |          |          |
| xipCAM_D<6>                        | IOB              | INPUT     | LVCMOS25             |       |          |      |              |          |          |
| xipCAM_D<7>                        | IOB              | INPUT     | LVCMOS25             |       |          |      |              |          |          |
| xipCAM_HREF                        | IOB              | INPUT     | LVCMOS25             |       |          |      |              | PULLDOWN |          |
| xipCAM_PCLK                        | IOB              | INPUT     | LVCMOS25             |       |          |      |              |          |          |
| xipCAM_VSYNC                       | IOB              | INPUT     | LVCMOS25             |       |          |      |              | PULLDOWN |          |
| xipMCLK                            | IOB              | INPUT     | LVCMOS25             |       |          |      |              |          |          |
| xipRESET                           | IOB              | INPUT     | LVCMOS25             |       |          |      |              |          |          |
| xonA                               | IOB              | OUTPUT    | LVCMOS25             |       | 12       | SLOW |              |          |          |
| xonAN0                             | IOB              | OUTPUT    | LVCMOS25             |       | 12       | SLOW |              |          |          |
| xonAN1                             | IOB              | OUTPUT    | LVCMOS25             |       | 12       | SLOW |              |          |          |
| xonAN2                             | IOB              | OUTPUT    | LVCMOS25             |       | 12       | SLOW |              |          |          |
| xonAN3                             | IOB              | OUTPUT    | LVCMOS25             |       | 12       | SLOW |              |          |          |
| xonB                               | IOB              | OUTPUT    | LVCMOS25             |       | 12       | SLOW |              |          |          |
| xonC                               | IOB              | OUTPUT    | LVCMOS25             |       | 12       | SLOW |              |          |          |
| xonCE1                             | IOB              | OUTPUT    | LVCMOS33             |       | 12       | SLOW |              |          |          |
| xonCE2                             | IOB              | OUTPUT    | LVCMOS33             |       | 12       | SLOW |              |          |          |
| xonD                               | IOB              | OUTPUT    | LVCMOS25             |       | 12       | SLOW |              |          |          |
| xonDP                              | IOB              | OUTPUT    | LVCMOS25             |       | 12       | SLOW |              |          |          |
| xonE                               | IOB              | OUTPUT    | LVCMOS25             |       | 12       | SLOW |              |          |          |
| xonF                               | IOB              | OUTPUT    | LVCMOS25             |       | 12       | SLOW |              |          |          |
| xonG                               | IOB              | OUTPUT    | LVCMOS25             |       | 12       | SLOW |              |          |          |
| xonLB1                             | IOB              | OUTPUT    | LVCMOS33             |       | 12       | SLOW |              |          |          |
| xonLB2                             | IOB              | OUTPUT    | LVCMOS33             |       | 12       | SLOW |              |          |          |
| xonOE                              | IOB              | OUTPUT    | LVCMOS33             |       | 12       | SLOW |              |          |          |
| xonUB1                             | IOB              | OUTPUT    | LVCMOS33             |       | 12       | SLOW |              |          |          |
| xonUB2                             | IOB              | OUTPUT    | LVCMOS33             |       | 12       | SLOW |              |          |          |
| xonWE                              | IOB              | OUTPUT    | LVCMOS33             |       | 12       | SLOW |              |          |          |
| xopAddr<0>                         | IOB              | OUTPUT    | LVCMOS33             |       | 12       | SLOW |              |          |          |
| xopAddr<1>                         | IOB              | OUTPUT    | LVCMOS33             |       | 12       | SLOW |              |          |          |
| xopAddr<2>                         | IOB              | OUTPUT    | LVCMOS33             |       | 12       | SLOW |              |          |          |
| xopAddr<3>                         | IOB              | OUTPUT    | LVCMOS33             |       | 12       | SLOW |              |          |          |
| xopAddr<4>                         | IOB              | OUTPUT    | LVCMOS33             |       | 12       | SLOW |              |          |          |
| xopAddr<5>                         | IOB              | OUTPUT    | LVCMOS33             |       | 12       | SLOW |              |          |          |
| xopAddr<6>                         | IOB              | OUTPUT    | LVCMOS33             |       | 12       | SLOW |              |          |          |
| xopAddr<7>                         | IOB              | OUTPUT    | LVCMOS33             |       | 12       | SLOW |              |          |          |
| xopAddr<8>                         | IOB              | OUTPUT    | LVCMOS33             |       | 12       | SLOW |              |          |          |
| xopAddr<9>                         | IOB              | OUTPUT    | LVCMOS33             |       | 12       | SLOW |              |          |          |
| xopAddr<10>                        | IOB              | OUTPUT    | LVCMOS33             |       | 12       | SLOW |              |          |          |
| xopAddr<11>                        | IOB              | OUTPUT    | LVCMOS33             |       | 12       | SLOW |              |          |          |
| xopAddr<12>                        | IOB              | OUTPUT    | LVCMOS33             |       | 12       | SLOW |              |          |          |
| xopAddr<13>                        | IOB              | OUTPUT    | LVCMOS33             |       | 12       | SLOW |              |          |          |
| xopAddr<14>                        | IOB              | OUTPUT    | LVCMOS33             |       | 12       | SLOW |              |          |          |
| xopAddr<15>                        | IOB              | OUTPUT    | LVCMOS33             |       | 12       | SLOW |              |          |          |
| xopAddr<16>                        | IOB              | OUTPUT    | LVCMOS33             |       | 12       | SLOW |              |          |          |
| xopAddr<17>                        | IOB              | OUTPUT    | LVCMOS33             |       | 12       | SLOW |              |          |          |
| xopCAM_SIO_C                       | IOB              | OUTPUT    | LVCMOS25             |       | 12       | SLOW | OFF1         |          |          |
| xopCAM_XCLK                        | IOB              | OUTPUT    | LVCMOS25             |       | 12       | SLOW |              |          |          |
| xopLD0                             | IOB              | OUTPUT    | LVCMOS25             |       | 12       | SLOW |              |          |          |
| xopLD1                             | IOB              | OUTPUT    | LVCMOS25             |       | 12       | SLOW |              |          |          |
| xopLD2                             | IOB              | OUTPUT    | LVCMOS25             |       | 12       | SLOW |              |          |          |
| xopLD3                             | IOB              | OUTPUT    | LVCMOS25             |       | 12       | SLOW |              |          |          |
| xopLD4                             | IOB              | OUTPUT    | LVCMOS25             |       | 12       | SLOW |              |          |          |
| xopLD5                             | IOB              | OUTPUT    | LVCMOS25             |       | 12       | SLOW |              |          |          |
| xopLD6                             | IOB              | OUTPUT    | LVCMOS25             |       | 12       | SLOW |              |          |          |
| xopLD7                             | IOB              | OUTPUT    | LVCMOS25             |       | 12       | SLOW |              |          |          |
| xopTXD                             | IOB              | OUTPUT    | LVCMOS25             |       | 12       | SLOW |              |          |          |
+---------------------------------------------------------------------------------------------------------------------------------------------------------+

Section 7 - RPMs
----------------

Section 8 - Guide Report
------------------------
Guide not run on this design.

Section 9 - Area Group and Partition Summary
--------------------------------------------

Partition Implementation Status
-------------------------------

  No Partitions were found in this design.

-------------------------------

Area Group Information
----------------------

  No area groups were found in this design.

----------------------

Section 10 - Timing Report
--------------------------
This design was not run using timing mode.

Section 11 - Configuration String Details
-----------------------------------------
Use the "-detail" map option to print out Configuration Strings

Section 12 - Control Set Information
------------------------------------
No control set information for this architecture.

Section 13 - Utilization by Hierarchy
-------------------------------------
Use the "-detail" map option to print out the Utilization by Hierarchy section.
